<?xml version="1.0" encoding="UTF-8"?>
<coverage generated="1621853211065" clover="3.2.0">
  <project timestamp="1621853211066" name="All files">
    <metrics statements="7" coveredstatements="6" conditionals="0" coveredconditionals="0" methods="4" coveredmethods="3" elements="11" coveredelements="9" complexity="0" loc="7" ncloc="7" packages="1" files="3" classes="3"/>
    <file name="cloneArray.js" path="/home/irtizabatool/Desktop/Test Driven Development/testing-in-js/js/cloneArray.js">
      <metrics statements="2" coveredstatements="2" conditionals="0" coveredconditionals="0" methods="1" coveredmethods="1"/>
      <line num="2" count="2" type="stmt"/>
      <line num="5" count="1" type="stmt"/>
    </file>
    <file name="subtract.js" path="/home/irtizabatool/Desktop/Test Driven Development/testing-in-js/js/subtract.js">
      <metrics statements="2" coveredstatements="2" conditionals="0" coveredconditionals="0" methods="1" coveredmethods="1"/>
      <line num="2" count="1" type="stmt"/>
      <line num="5" count="1" type="stmt"/>
    </file>
    <file name="sum.js" path="/home/irtizabatool/Desktop/Test Driven Development/testing-in-js/js/sum.js">
      <metrics statements="3" coveredstatements="2" conditionals="0" coveredconditionals="0" methods="2" coveredmethods="1"/>
      <line num="2" count="1" type="stmt"/>
      <line num="6" count="0" type="stmt"/>
      <line num="8" count="1" type="stmt"/>
    </file>
  </project>
</coverage>
