<?xml version="1.0" encoding="UTF-8"?>
<coverage generated="1621975690417" clover="3.2.0">
  <project timestamp="1621975690417" name="All files">
    <metrics statements="37" coveredstatements="22" conditionals="8" coveredconditionals="3" methods="16" coveredmethods="7" elements="61" coveredelements="32" complexity="0" loc="37" ncloc="37" packages="2" files="6" classes="6"/>
    <package name="js">
      <metrics statements="6" coveredstatements="6" conditionals="0" coveredconditionals="0" methods="3" coveredmethods="3"/>
      <file name="cloneArray.js" path="/home/irtizabatool/Desktop/Test Driven Development/testing-in-js/js/cloneArray.js">
        <metrics statements="2" coveredstatements="2" conditionals="0" coveredconditionals="0" methods="1" coveredmethods="1"/>
        <line num="2" count="2" type="stmt"/>
        <line num="5" count="1" type="stmt"/>
      </file>
      <file name="subtract.js" path="/home/irtizabatool/Desktop/Test Driven Development/testing-in-js/js/subtract.js">
        <metrics statements="2" coveredstatements="2" conditionals="0" coveredconditionals="0" methods="1" coveredmethods="1"/>
        <line num="2" count="1" type="stmt"/>
        <line num="5" count="1" type="stmt"/>
      </file>
      <file name="sum.js" path="/home/irtizabatool/Desktop/Test Driven Development/testing-in-js/js/sum.js">
        <metrics statements="2" coveredstatements="2" conditionals="0" coveredconditionals="0" methods="1" coveredmethods="1"/>
        <line num="2" count="1" type="stmt"/>
        <line num="5" count="1" type="stmt"/>
      </file>
    </package>
    <package name="src">
      <metrics statements="31" coveredstatements="16" conditionals="8" coveredconditionals="3" methods="13" coveredmethods="4"/>
      <file name="book.service.js" path="/home/irtizabatool/Desktop/Test Driven Development/testing-in-js/src/book.service.js">
        <metrics statements="26" coveredstatements="14" conditionals="8" coveredconditionals="3" methods="11" coveredmethods="4"/>
        <line num="1" count="1" type="stmt"/>
        <line num="2" count="1" type="stmt"/>
        <line num="5" count="5" type="stmt"/>
        <line num="7" count="5" type="stmt"/>
        <line num="9" count="5" type="cond" truecount="2" falsecount="0"/>
        <line num="10" count="2" type="stmt"/>
        <line num="13" count="5" type="stmt"/>
        <line num="14" count="3" type="stmt"/>
        <line num="24" count="5" type="stmt"/>
        <line num="28" count="3" type="stmt"/>
        <line num="29" count="3" type="cond" truecount="1" falsecount="1"/>
        <line num="30" count="0" type="stmt"/>
        <line num="33" count="3" type="stmt"/>
        <line num="35" count="3" type="stmt"/>
        <line num="39" count="0" type="stmt"/>
        <line num="41" count="0" type="cond" truecount="0" falsecount="2"/>
        <line num="45" count="0" type="stmt"/>
        <line num="46" count="0" type="cond" truecount="0" falsecount="2"/>
        <line num="47" count="0" type="stmt"/>
        <line num="50" count="0" type="stmt"/>
        <line num="51" count="0" type="stmt"/>
        <line num="53" count="0" type="stmt"/>
        <line num="57" count="0" type="stmt"/>
        <line num="59" count="0" type="stmt"/>
        <line num="60" count="0" type="stmt"/>
        <line num="64" count="1" type="stmt"/>
      </file>
      <file name="books-provider.js" path="/home/irtizabatool/Desktop/Test Driven Development/testing-in-js/src/books-provider.js">
        <metrics statements="3" coveredstatements="1" conditionals="0" coveredconditionals="0" methods="1" coveredmethods="0"/>
        <line num="2" count="0" type="stmt"/>
        <line num="4" count="0" type="stmt"/>
        <line num="32" count="1" type="stmt"/>
      </file>
      <file name="email.service.js" path="/home/irtizabatool/Desktop/Test Driven Development/testing-in-js/src/email.service.js">
        <metrics statements="2" coveredstatements="1" conditionals="0" coveredconditionals="0" methods="1" coveredmethods="0"/>
        <line num="2" count="0" type="stmt"/>
        <line num="5" count="1" type="stmt"/>
      </file>
    </package>
  </project>
</coverage>
