{"/home/irtizabatool/Desktop/Test Driven Development/testing-in-js/js/cloneArray.js": {"path":"/home/irtizabatool/Desktop/Test Driven Development/testing-in-js/js/cloneArray.js","statementMap":{"0":{"start":{"line":2,"column":4},"end":{"line":2,"column":22}},"1":{"start":{"line":5,"column":0},"end":{"line":5,"column":28}}},"fnMap":{"0":{"name":"cloneArray","decl":{"start":{"line":1,"column":9},"end":{"line":1,"column":19}},"loc":{"start":{"line":1,"column":27},"end":{"line":3,"column":1}},"line":1}},"branchMap":{},"s":{"0":2,"1":1},"f":{"0":2},"b":{},"_coverageSchema":"1a1c01bbd47fc00a2c39e90264f33305004495a9","hash":"5f4d48c24a0c12a47b1bb7fbb08c5fa4e0a85757"}
,"/home/irtizabatool/Desktop/Test Driven Development/testing-in-js/js/subtract.js": {"path":"/home/irtizabatool/Desktop/Test Driven Development/testing-in-js/js/subtract.js","statementMap":{"0":{"start":{"line":2,"column":4},"end":{"line":2,"column":17}},"1":{"start":{"line":5,"column":0},"end":{"line":5,"column":26}}},"fnMap":{"0":{"name":"subtract","decl":{"start":{"line":1,"column":9},"end":{"line":1,"column":17}},"loc":{"start":{"line":1,"column":24},"end":{"line":3,"column":1}},"line":1}},"branchMap":{},"s":{"0":1,"1":1},"f":{"0":1},"b":{},"_coverageSchema":"1a1c01bbd47fc00a2c39e90264f33305004495a9","hash":"019b0a310145cacc6cb1abb9f2c4045d2abfb871"}
,"/home/irtizabatool/Desktop/Test Driven Development/testing-in-js/js/sum.js": {"path":"/home/irtizabatool/Desktop/Test Driven Development/testing-in-js/js/sum.js","statementMap":{"0":{"start":{"line":2,"column":4},"end":{"line":2,"column":17}},"1":{"start":{"line":5,"column":0},"end":{"line":5,"column":21}}},"fnMap":{"0":{"name":"sum","decl":{"start":{"line":1,"column":9},"end":{"line":1,"column":12}},"loc":{"start":{"line":1,"column":19},"end":{"line":3,"column":1}},"line":1}},"branchMap":{},"s":{"0":1,"1":1},"f":{"0":1},"b":{},"_coverageSchema":"1a1c01bbd47fc00a2c39e90264f33305004495a9","hash":"2b0f78f389cda9601b8dbfab4eda7a28abf2f490"}
,"/home/irtizabatool/Desktop/Test Driven Development/testing-in-js/src/book.service.js": {"path":"/home/irtizabatool/Desktop/Test Driven Development/testing-in-js/src/book.service.js","statementMap":{"0":{"start":{"line":1,"column":22},"end":{"line":1,"column":49}},"1":{"start":{"line":2,"column":21},"end":{"line":2,"column":47}},"2":{"start":{"line":5,"column":16},"end":{"line":5,"column":40}},"3":{"start":{"line":7,"column":24},"end":{"line":7,"column":79}},"4":{"start":{"line":7,"column":47},"end":{"line":7,"column":78}},"5":{"start":{"line":9,"column":2},"end":{"line":11,"column":3}},"6":{"start":{"line":10,"column":4},"end":{"line":10,"column":40}},"7":{"start":{"line":13,"column":25},"end":{"line":22,"column":4}},"8":{"start":{"line":14,"column":4},"end":{"line":21,"column":6}},"9":{"start":{"line":24,"column":2},"end":{"line":24,"column":24}},"10":{"start":{"line":28,"column":35},"end":{"line":28,"column":39}},"11":{"start":{"line":29,"column":2},"end":{"line":31,"column":3}},"12":{"start":{"line":30,"column":4},"end":{"line":30,"column":17}},"13":{"start":{"line":33,"column":24},"end":{"line":33,"column":61}},"14":{"start":{"line":35,"column":2},"end":{"line":35,"column":37}},"15":{"start":{"line":39,"column":16},"end":{"line":39,"column":40}},"16":{"start":{"line":41,"column":2},"end":{"line":41,"column":65}},"17":{"start":{"line":41,"column":33},"end":{"line":41,"column":62}},"18":{"start":{"line":45,"column":15},"end":{"line":45,"column":75}},"19":{"start":{"line":45,"column":55},"end":{"line":45,"column":74}},"20":{"start":{"line":46,"column":2},"end":{"line":48,"column":3}},"21":{"start":{"line":47,"column":4},"end":{"line":47,"column":51}},"22":{"start":{"line":50,"column":29},"end":{"line":50,"column":31}},"23":{"start":{"line":51,"column":19},"end":{"line":51,"column":58}},"24":{"start":{"line":53,"column":2},"end":{"line":53,"column":31}},"25":{"start":{"line":57,"column":16},"end":{"line":57,"column":41}},"26":{"start":{"line":59,"column":2},"end":{"line":61,"column":5}},"27":{"start":{"line":60,"column":4},"end":{"line":60,"column":43}},"28":{"start":{"line":60,"column":21},"end":{"line":60,"column":35}},"29":{"start":{"line":64,"column":0},"end":{"line":69,"column":2}}},"fnMap":{"0":{"name":"searchBooks","decl":{"start":{"line":4,"column":9},"end":{"line":4,"column":20}},"loc":{"start":{"line":4,"column":33},"end":{"line":25,"column":1}},"line":4},"1":{"name":"(anonymous_1)","decl":{"start":{"line":7,"column":37},"end":{"line":7,"column":38}},"loc":{"start":{"line":7,"column":47},"end":{"line":7,"column":78}},"line":7},"2":{"name":"(anonymous_2)","decl":{"start":{"line":13,"column":43},"end":{"line":13,"column":44}},"loc":{"start":{"line":13,"column":53},"end":{"line":22,"column":3}},"line":13},"3":{"name":"_formatBookName","decl":{"start":{"line":27,"column":9},"end":{"line":27,"column":24}},"loc":{"start":{"line":27,"column":31},"end":{"line":36,"column":1}},"line":27},"4":{"name":"getMostPopularBook","decl":{"start":{"line":38,"column":9},"end":{"line":38,"column":27}},"loc":{"start":{"line":38,"column":30},"end":{"line":42,"column":1}},"line":38},"5":{"name":"(anonymous_5)","decl":{"start":{"line":41,"column":22},"end":{"line":41,"column":23}},"loc":{"start":{"line":41,"column":33},"end":{"line":41,"column":62}},"line":41},"6":{"name":"calculateDiscount","decl":{"start":{"line":44,"column":9},"end":{"line":44,"column":26}},"loc":{"start":{"line":44,"column":35},"end":{"line":54,"column":1}},"line":44},"7":{"name":"(anonymous_7)","decl":{"start":{"line":45,"column":45},"end":{"line":45,"column":46}},"loc":{"start":{"line":45,"column":55},"end":{"line":45,"column":74}},"line":45},"8":{"name":"calculateDiscountAsync","decl":{"start":{"line":56,"column":9},"end":{"line":56,"column":31}},"loc":{"start":{"line":56,"column":40},"end":{"line":62,"column":1}},"line":56},"9":{"name":"(anonymous_9)","decl":{"start":{"line":59,"column":21},"end":{"line":59,"column":22}},"loc":{"start":{"line":59,"column":34},"end":{"line":61,"column":3}},"line":59},"10":{"name":"(anonymous_10)","decl":{"start":{"line":60,"column":15},"end":{"line":60,"column":16}},"loc":{"start":{"line":60,"column":21},"end":{"line":60,"column":35}},"line":60}},"branchMap":{"0":{"loc":{"start":{"line":9,"column":2},"end":{"line":11,"column":3}},"type":"if","locations":[{"start":{"line":9,"column":2},"end":{"line":11,"column":3}},{"start":{"line":9,"column":2},"end":{"line":11,"column":3}}],"line":9},"1":{"loc":{"start":{"line":29,"column":2},"end":{"line":31,"column":3}},"type":"if","locations":[{"start":{"line":29,"column":2},"end":{"line":31,"column":3}},{"start":{"line":29,"column":2},"end":{"line":31,"column":3}}],"line":29},"2":{"loc":{"start":{"line":41,"column":33},"end":{"line":41,"column":62}},"type":"cond-expr","locations":[{"start":{"line":41,"column":57},"end":{"line":41,"column":58}},{"start":{"line":41,"column":61},"end":{"line":41,"column":62}}],"line":41},"3":{"loc":{"start":{"line":46,"column":2},"end":{"line":48,"column":3}},"type":"if","locations":[{"start":{"line":46,"column":2},"end":{"line":48,"column":3}},{"start":{"line":46,"column":2},"end":{"line":48,"column":3}}],"line":46}},"s":{"0":1,"1":1,"2":5,"3":5,"4":5,"5":5,"6":2,"7":5,"8":3,"9":5,"10":3,"11":3,"12":0,"13":3,"14":3,"15":0,"16":0,"17":0,"18":0,"19":0,"20":0,"21":0,"22":0,"23":0,"24":0,"25":0,"26":0,"27":0,"28":0,"29":1},"f":{"0":5,"1":5,"2":3,"3":3,"4":0,"5":0,"6":0,"7":0,"8":0,"9":0,"10":0},"b":{"0":[2,3],"1":[0,3],"2":[0,0],"3":[0,0]},"_coverageSchema":"1a1c01bbd47fc00a2c39e90264f33305004495a9","hash":"b1b1a9d36fa88c219f59ab6bb2cb8404d82a5bcd"}
,"/home/irtizabatool/Desktop/Test Driven Development/testing-in-js/src/books-provider.js": {"path":"/home/irtizabatool/Desktop/Test Driven Development/testing-in-js/src/books-provider.js","statementMap":{"0":{"start":{"line":2,"column":4},"end":{"line":2,"column":45}},"1":{"start":{"line":4,"column":4},"end":{"line":29,"column":6}},"2":{"start":{"line":32,"column":2},"end":{"line":34,"column":4}}},"fnMap":{"0":{"name":"getBooks","decl":{"start":{"line":1,"column":9},"end":{"line":1,"column":17}},"loc":{"start":{"line":1,"column":20},"end":{"line":30,"column":3}},"line":1}},"branchMap":{},"s":{"0":0,"1":0,"2":1},"f":{"0":0},"b":{},"_coverageSchema":"1a1c01bbd47fc00a2c39e90264f33305004495a9","hash":"2ee2d5451fbc478bfa0b4f89cf6ab9adc459b6c5"}
,"/home/irtizabatool/Desktop/Test Driven Development/testing-in-js/src/email.service.js": {"path":"/home/irtizabatool/Desktop/Test Driven Development/testing-in-js/src/email.service.js","statementMap":{"0":{"start":{"line":2,"column":4},"end":{"line":2,"column":48}},"1":{"start":{"line":5,"column":2},"end":{"line":7,"column":4}}},"fnMap":{"0":{"name":"sendMissingBookEmail","decl":{"start":{"line":1,"column":9},"end":{"line":1,"column":29}},"loc":{"start":{"line":1,"column":32},"end":{"line":3,"column":3}},"line":1}},"branchMap":{},"s":{"0":0,"1":1},"f":{"0":0},"b":{},"_coverageSchema":"1a1c01bbd47fc00a2c39e90264f33305004495a9","hash":"64df0007f3df5036f648246678e52cf63e01a07f"}
}
