TN:
SF:js/cloneArray.js
FN:1,cloneArray
FNF:1
FNH:1
FNDA:2,cloneArray
DA:2,2
DA:5,1
LF:2
LH:2
BRF:0
BRH:0
end_of_record
TN:
SF:js/subtract.js
FN:1,subtract
FNF:1
FNH:1
FNDA:1,subtract
DA:2,1
DA:5,1
LF:2
LH:2
BRF:0
BRH:0
end_of_record
TN:
SF:js/sum.js
FN:1,sum
FNF:1
FNH:1
FNDA:1,sum
DA:2,1
DA:5,1
LF:2
LH:2
BRF:0
BRH:0
end_of_record
TN:
SF:src/book.service.js
FN:4,searchBooks
FN:7,(anonymous_1)
FN:13,(anonymous_2)
FN:27,_formatBookName
FN:38,getMostPopularBook
FN:41,(anonymous_5)
FN:44,calculateDiscount
FN:45,(anonymous_7)
FN:56,calculateDiscountAsync
FN:59,(anonymous_9)
FN:60,(anonymous_10)
FNF:11
FNH:4
FNDA:5,searchBooks
FNDA:5,(anonymous_1)
FNDA:3,(anonymous_2)
FNDA:3,_formatBookName
FNDA:0,getMostPopularBook
FNDA:0,(anonymous_5)
FNDA:0,calculateDiscount
FNDA:0,(anonymous_7)
FNDA:0,calculateDiscountAsync
FNDA:0,(anonymous_9)
FNDA:0,(anonymous_10)
DA:1,1
DA:2,1
DA:5,5
DA:7,5
DA:9,5
DA:10,2
DA:13,5
DA:14,3
DA:24,5
DA:28,3
DA:29,3
DA:30,0
DA:33,3
DA:35,3
DA:39,0
DA:41,0
DA:45,0
DA:46,0
DA:47,0
DA:50,0
DA:51,0
DA:53,0
DA:57,0
DA:59,0
DA:60,0
DA:64,1
LF:26
LH:14
BRDA:9,0,0,2
BRDA:9,0,1,3
BRDA:29,1,0,0
BRDA:29,1,1,3
BRDA:41,2,0,0
BRDA:41,2,1,0
BRDA:46,3,0,0
BRDA:46,3,1,0
BRF:8
BRH:3
end_of_record
TN:
SF:src/books-provider.js
FN:1,getBooks
FNF:1
FNH:0
FNDA:0,getBooks
DA:2,0
DA:4,0
DA:32,1
LF:3
LH:1
BRF:0
BRH:0
end_of_record
TN:
SF:src/email.service.js
FN:1,sendMissingBookEmail
FNF:1
FNH:0
FNDA:0,sendMissingBookEmail
DA:2,0
DA:5,1
LF:2
LH:1
BRF:0
BRH:0
end_of_record
